<?xml version="1.0" encoding="UTF-8"?>
<testsuite xmlns:xsi="http://www.w3.org/2001/XMLSchema-instance" xsi:noNamespaceSchemaLocation="https://maven.apache.org/surefire/maven-surefire-plugin/xsd/surefire-test-report.xsd" version="3.0.2" name="org.example.rental.adapters.rest.controller.ResourceControllerTest" time="0.377" tests="3" errors="0" skipped="0" failures="0">
  <properties>
[...]
</properties>
  <testcase name="shouldReturnBadRequestWhenCreationFails" classname="org.example.rental.adapters.rest.controller.ResourceControllerTest" time="0.026">
    <system-out><![CDATA[2026-03-25T00:15:04.986+01:00  INFO 1708 --- [           main] t.c.s.AnnotationConfigContextLoaderUtils : Could not detect default configuration classes for test class [org.example.rental.adapters.rest.controller.ResourceControllerTest]: ResourceControllerTest does not declare any static, non-private, non-final, nested classes annotated with @Configuration.
2026-03-25T00:15:05.001+01:00  INFO 1708 --- [           main] .b.t.c.SpringBootTestContextBootstrapper : Found @SpringBootConfiguration org.example.rental.adapters.rest.RestAdapterTestApplication for test class org.example.rental.adapters.rest.controller.ResourceControllerTest

  .   ____          _            __ _ _
 /\\ / ___'_ __ _ _(_)_ __  __ _ \ \ \ \
( ( )\___ | '_ | '_| | '_ \/ _` | \ \ \ \
 \\/  ___)| |_)| | | | | || (_| |  ) ) ) )
  '  |____| .__|_| |_|_| |_\__, | / / / /
 =========|_|==============|___/=/_/_/_/

 :: Spring Boot ::                (v3.5.7)

2026-03-25T00:15:05.031+01:00  INFO 1708 --- [           main] o.e.r.a.r.c.ResourceControllerTest       : Starting ResourceControllerTest using Java 23 with PID 1708 (started by OBLA in C:\Users\OBLA\IdeaProjects\6 semestr\TKS\HexagonalEnterpriseApp\Adapters\RestAdapter)
2026-03-25T00:15:05.031+01:00  INFO 1708 --- [           main] o.e.r.a.r.c.ResourceControllerTest       : No active profile set, falling back to 1 default profile: "default"
2026-03-25T00:15:05.287+01:00  WARN 1708 --- [           main] .s.s.UserDetailsServiceAutoConfiguration : 

Using generated security password: a41346d2-155a-416a-af5f-bb757260c023

This generated password is for development use only. Your security configuration must be updated before running your application in production.

2026-03-25T00:15:05.287+01:00  INFO 1708 --- [           main] r$InitializeUserDetailsManagerConfigurer : Global AuthenticationManager configured with UserDetailsService bean with name inMemoryUserDetailsManager
2026-03-25T00:15:05.299+01:00  INFO 1708 --- [           main] o.s.b.t.m.w.SpringBootMockServletContext : Initializing Spring TestDispatcherServlet ''
2026-03-25T00:15:05.299+01:00  INFO 1708 --- [           main] o.s.t.web.servlet.TestDispatcherServlet  : Initializing Servlet ''
2026-03-25T00:15:05.301+01:00  INFO 1708 --- [           main] o.s.t.web.servlet.TestDispatcherServlet  : Completed initialization in 2 ms
2026-03-25T00:15:05.307+01:00  INFO 1708 --- [           main] o.e.r.a.r.c.ResourceControllerTest       : Started ResourceControllerTest in 0.3 seconds (process running for 4.937)
]]></system-out>
  </testcase>
  <testcase name="shouldCreateNewResource" classname="org.example.rental.adapters.rest.controller.ResourceControllerTest" time="0.007"/>
  <testcase name="shouldReturnAllResources" classname="org.example.rental.adapters.rest.controller.ResourceControllerTest" time="0.012"/>
</testsuite>